Symlinking /home/caleblim/MXEN4001-Mechatronic-System-Design/devel/include/dobot/GetIODIRequest.h
Symlinking /home/caleblim/MXEN4001-Mechatronic-System-Design/devel/include/dobot/SetCPParams.h
Symlinking /home/caleblim/MXEN4001-Mechatronic-System-Design/devel/include/dobot/SetPTPJointParams.h
Symlinking /home/caleblim/MXEN4001-Mechatronic-System-Design/devel/include/dobot/GetJOGJointParamsRequest.h
Symlinking /home/caleblim/MXEN4001-Mechatronic-System-Design/devel/include/dobot/SetCmdTimeout.h
Symlinking /home/caleblim/MXEN4001-Mechatronic-System-Design/devel/include/dobot/GetARCParamsResponse.h
Symlinking /home/caleblim/MXEN4001-Mechatronic-System-Design/devel/include/dobot/SetHOMECmdResponse.h
Symlinking /home/caleblim/MXEN4001-Mechatronic-System-Design/devel/include/dobot/GetDeviceSN.h
Symlinking /home/caleblim/MXEN4001-Mechatronic-System-Design/devel/include/dobot/SetPTPCoordinateParams.h
Symlinking /home/caleblim/MXEN4001-Mechatronic-System-Design/devel/include/dobot/SetQueuedCmdStopExecRequest.h
Symlinking /home/caleblim/MXEN4001-Mechatronic-System-Design/devel/include/dobot/SetPTPJumpParams.h
Symlinking /home/caleblim/MXEN4001-Mechatronic-System-Design/devel/include/dobot/GetEndEffectorSuctionCup.h
Symlinking /home/caleblim/MXEN4001-Mechatronic-System-Design/devel/include/dobot/GetAlarmsStateResponse.h
Symlinking /home/caleblim/MXEN4001-Mechatronic-System-Design/devel/include/dobot/GetIOPWMRequest.h
Symlinking /home/caleblim/MXEN4001-Mechatronic-System-Design/devel/include/dobot/GetJOGCommonParamsRequest.h
Symlinking /home/caleblim/MXEN4001-Mechatronic-System-Design/devel/include/dobot/GetIOADCRequest.h
Symlinking /home/caleblim/MXEN4001-Mechatronic-System-Design/devel/include/dobot/SetPTPCoordinateParamsRequest.h
Symlinking /home/caleblim/MXEN4001-Mechatronic-System-Design/devel/include/dobot/GetPTPJointParams.h
Symlinking /home/caleblim/MXEN4001-Mechatronic-System-Design/devel/include/dobot/SetARCCmdRequest.h
Symlinking /home/caleblim/MXEN4001-Mechatronic-System-Design/devel/include/dobot/SetPTPCoordinateParamsResponse.h
Symlinking /home/caleblim/MXEN4001-Mechatronic-System-Design/devel/include/dobot/GetDeviceVersionResponse.h
Symlinking /home/caleblim/MXEN4001-Mechatronic-System-Design/devel/include/dobot/SetQueuedCmdStopExecResponse.h
Symlinking /home/caleblim/MXEN4001-Mechatronic-System-Design/devel/include/dobot/SetEndEffectorSuctionCupRequest.h
Symlinking /home/caleblim/MXEN4001-Mechatronic-System-Design/devel/include/dobot/SetQueuedCmdClearResponse.h
Symlinking /home/caleblim/MXEN4001-Mechatronic-System-Design/devel/include/dobot/GetPTPCoordinateParams.h
Symlinking /home/caleblim/MXEN4001-Mechatronic-System-Design/devel/include/dobot/GetIOADC.h
Symlinking /home/caleblim/MXEN4001-Mechatronic-System-Design/devel/include/dobot/GetJOGCoordinateParamsRequest.h
Symlinking /home/caleblim/MXEN4001-Mechatronic-System-Design/devel/include/dobot/GetDeviceSNRequest.h
Symlinking /home/caleblim/MXEN4001-Mechatronic-System-Design/devel/include/dobot/SetCPCmdRequest.h
Symlinking /home/caleblim/MXEN4001-Mechatronic-System-Design/devel/include/dobot/SetPTPCommonParams.h
Symlinking /home/caleblim/MXEN4001-Mechatronic-System-Design/devel/include/dobot/GetPTPCommonParamsResponse.h
Symlinking /home/caleblim/MXEN4001-Mechatronic-System-Design/devel/include/dobot/SetEndEffectorGripperRequest.h
Symlinking /home/caleblim/MXEN4001-Mechatronic-System-Design/devel/include/dobot/GetEndEffectorGripper.h
Symlinking /home/caleblim/MXEN4001-Mechatronic-System-Design/devel/include/dobot/SetTRIGCmdResponse.h
Symlinking /home/caleblim/MXEN4001-Mechatronic-System-Design/devel/include/dobot/GetEndEffectorLaserRequest.h
Symlinking /home/caleblim/MXEN4001-Mechatronic-System-Design/devel/include/dobot/SetDeviceNameRequest.h
Symlinking /home/caleblim/MXEN4001-Mechatronic-System-Design/devel/include/dobot/GetEndEffectorSuctionCupResponse.h
Symlinking /home/caleblim/MXEN4001-Mechatronic-System-Design/devel/include/dobot/SetJOGCoordinateParams.h
Symlinking /home/caleblim/MXEN4001-Mechatronic-System-Design/devel/include/dobot/GetJOGJointParamsResponse.h
Symlinking /home/caleblim/MXEN4001-Mechatronic-System-Design/devel/include/dobot/SetHOMECmd.h
Symlinking /home/caleblim/MXEN4001-Mechatronic-System-Design/devel/include/dobot/GetJOGCommonParams.h
Symlinking /home/caleblim/MXEN4001-Mechatronic-System-Design/devel/include/dobot/GetHOMEParamsResponse.h
Symlinking /home/caleblim/MXEN4001-Mechatronic-System-Design/devel/include/dobot/GetPTPJointParamsRequest.h
Symlinking /home/caleblim/MXEN4001-Mechatronic-System-Design/devel/include/dobot/ClearAllAlarmsStateResponse.h
Symlinking /home/caleblim/MXEN4001-Mechatronic-System-Design/devel/include/dobot/SetIODO.h
Symlinking /home/caleblim/MXEN4001-Mechatronic-System-Design/devel/include/dobot/GetEndEffectorParamsRequest.h
Symlinking /home/caleblim/MXEN4001-Mechatronic-System-Design/devel/include/dobot/GetJOGCoordinateParamsResponse.h
Symlinking /home/caleblim/MXEN4001-Mechatronic-System-Design/devel/include/dobot/SetQueuedCmdForceStopExecResponse.h
Symlinking /home/caleblim/MXEN4001-Mechatronic-System-Design/devel/include/dobot/GetEndEffectorParamsResponse.h
Symlinking /home/caleblim/MXEN4001-Mechatronic-System-Design/devel/include/dobot/SetWAITCmdRequest.h
Symlinking /home/caleblim/MXEN4001-Mechatronic-System-Design/devel/include/dobot/GetCPParamsResponse.h
Symlinking /home/caleblim/MXEN4001-Mechatronic-System-Design/devel/include/dobot/SetIOPWMResponse.h
Symlinking /home/caleblim/MXEN4001-Mechatronic-System-Design/devel/include/dobot/GetPTPJumpParamsResponse.h
Symlinking /home/caleblim/MXEN4001-Mechatronic-System-Design/devel/include/dobot/SetCPParamsRequest.h
Symlinking /home/caleblim/MXEN4001-Mechatronic-System-Design/devel/include/dobot/SetHOMEParamsResponse.h
Symlinking /home/caleblim/MXEN4001-Mechatronic-System-Design/devel/include/dobot/GetInfraredSensor.h
Symlinking /home/caleblim/MXEN4001-Mechatronic-System-Design/devel/include/dobot/GetInfraredSensorRequest.h
Symlinking /home/caleblim/MXEN4001-Mechatronic-System-Design/devel/include/dobot/GetIOMultiplexing.h
Symlinking /home/caleblim/MXEN4001-Mechatronic-System-Design/devel/include/dobot/GetAlarmsState.h
Symlinking /home/caleblim/MXEN4001-Mechatronic-System-Design/devel/include/dobot/GetColorSensor.h
Symlinking /home/caleblim/MXEN4001-Mechatronic-System-Design/devel/include/dobot/SetIOPWMRequest.h
Symlinking /home/caleblim/MXEN4001-Mechatronic-System-Design/devel/include/dobot/SetHOMECmdRequest.h
Symlinking /home/caleblim/MXEN4001-Mechatronic-System-Design/devel/include/dobot/SetIOMultiplexing.h
Symlinking /home/caleblim/MXEN4001-Mechatronic-System-Design/devel/include/dobot/SetTRIGCmdRequest.h
Symlinking /home/caleblim/MXEN4001-Mechatronic-System-Design/devel/include/dobot/SetPTPCmdRequest.h
Symlinking /home/caleblim/MXEN4001-Mechatronic-System-Design/devel/include/dobot/SetCPCmdResponse.h
Symlinking /home/caleblim/MXEN4001-Mechatronic-System-Design/devel/include/dobot/GetHOMEParams.h
Symlinking /home/caleblim/MXEN4001-Mechatronic-System-Design/devel/include/dobot/SetCmdTimeoutRequest.h
Symlinking /home/caleblim/MXEN4001-Mechatronic-System-Design/devel/include/dobot/SetPTPJumpParamsRequest.h
Symlinking /home/caleblim/MXEN4001-Mechatronic-System-Design/devel/include/dobot/SetQueuedCmdForceStopExec.h
Symlinking /home/caleblim/MXEN4001-Mechatronic-System-Design/devel/include/dobot/SetQueuedCmdClear.h
Symlinking /home/caleblim/MXEN4001-Mechatronic-System-Design/devel/include/dobot/SetHOMEParams.h
Symlinking /home/caleblim/MXEN4001-Mechatronic-System-Design/devel/include/dobot/GetPTPCommonParamsRequest.h
Symlinking /home/caleblim/MXEN4001-Mechatronic-System-Design/devel/include/dobot/GetCPParams.h
Symlinking /home/caleblim/MXEN4001-Mechatronic-System-Design/devel/include/dobot/SetColorSensor.h
Symlinking /home/caleblim/MXEN4001-Mechatronic-System-Design/devel/include/dobot/GetIODORequest.h
Symlinking /home/caleblim/MXEN4001-Mechatronic-System-Design/devel/include/dobot/SetPTPCmdResponse.h
Symlinking /home/caleblim/MXEN4001-Mechatronic-System-Design/devel/include/dobot/SetEndEffectorLaserResponse.h
Symlinking /home/caleblim/MXEN4001-Mechatronic-System-Design/devel/include/dobot/SetJOGCmdResponse.h
Symlinking /home/caleblim/MXEN4001-Mechatronic-System-Design/devel/include/dobot/SetJOGCommonParamsRequest.h
Symlinking /home/caleblim/MXEN4001-Mechatronic-System-Design/devel/include/dobot/SetColorSensorResponse.h
Symlinking /home/caleblim/MXEN4001-Mechatronic-System-Design/devel/include/dobot/SetEndEffectorParamsRequest.h
Symlinking /home/caleblim/MXEN4001-Mechatronic-System-Design/devel/include/dobot/GetColorSensorResponse.h
Symlinking /home/caleblim/MXEN4001-Mechatronic-System-Design/devel/include/dobot/SetJOGCoordinateParamsResponse.h
Symlinking /home/caleblim/MXEN4001-Mechatronic-System-Design/devel/include/dobot/SetEndEffectorLaserRequest.h
Symlinking /home/caleblim/MXEN4001-Mechatronic-System-Design/devel/include/dobot/SetIOMultiplexingResponse.h
Symlinking /home/caleblim/MXEN4001-Mechatronic-System-Design/devel/include/dobot/SetEndEffectorSuctionCupResponse.h
Symlinking /home/caleblim/MXEN4001-Mechatronic-System-Design/devel/include/dobot/SetEndEffectorLaser.h
Symlinking /home/caleblim/MXEN4001-Mechatronic-System-Design/devel/include/dobot/SetPTPJumpParamsResponse.h
Symlinking /home/caleblim/MXEN4001-Mechatronic-System-Design/devel/include/dobot/GetARCParams.h
Symlinking /home/caleblim/MXEN4001-Mechatronic-System-Design/devel/include/dobot/GetEndEffectorLaserResponse.h
Symlinking /home/caleblim/MXEN4001-Mechatronic-System-Design/devel/include/dobot/GetPTPCoordinateParamsRequest.h
Symlinking /home/caleblim/MXEN4001-Mechatronic-System-Design/devel/include/dobot/GetEndEffectorGripperRequest.h
Symlinking /home/caleblim/MXEN4001-Mechatronic-System-Design/devel/include/dobot/GetIODI.h
Symlinking /home/caleblim/MXEN4001-Mechatronic-System-Design/devel/include/dobot/SetInfraredSensorResponse.h
Symlinking /home/caleblim/MXEN4001-Mechatronic-System-Design/devel/include/dobot/GetIOMultiplexingRequest.h
Symlinking /home/caleblim/MXEN4001-Mechatronic-System-Design/devel/include/dobot/ClearAllAlarmsState.h
Symlinking /home/caleblim/MXEN4001-Mechatronic-System-Design/devel/include/dobot/SetColorSensorRequest.h
Symlinking /home/caleblim/MXEN4001-Mechatronic-System-Design/devel/include/dobot/GetARCParamsRequest.h
Symlinking /home/caleblim/MXEN4001-Mechatronic-System-Design/devel/include/dobot/CartesianSimple.h
Symlinking /home/caleblim/MXEN4001-Mechatronic-System-Design/devel/include/dobot/GetPoseResponse.h
Symlinking /home/caleblim/MXEN4001-Mechatronic-System-Design/devel/include/dobot/GetDeviceNameResponse.h
Symlinking /home/caleblim/MXEN4001-Mechatronic-System-Design/devel/include/dobot/ClearAllAlarmsStateRequest.h
Symlinking /home/caleblim/MXEN4001-Mechatronic-System-Design/devel/include/dobot/GetEndEffectorLaser.h
Symlinking /home/caleblim/MXEN4001-Mechatronic-System-Design/devel/include/dobot/GetJOGCommonParamsResponse.h
Symlinking /home/caleblim/MXEN4001-Mechatronic-System-Design/devel/include/dobot/SetJOGCoordinateParamsRequest.h
Symlinking /home/caleblim/MXEN4001-Mechatronic-System-Design/devel/include/dobot/SetQueuedCmdForceStopExecRequest.h
Symlinking /home/caleblim/MXEN4001-Mechatronic-System-Design/devel/include/dobot/SetPTPCommonParamsResponse.h
Symlinking /home/caleblim/MXEN4001-Mechatronic-System-Design/devel/include/dobot/GetIOMultiplexingResponse.h
Symlinking /home/caleblim/MXEN4001-Mechatronic-System-Design/devel/include/dobot/GetIOPWM.h
Symlinking /home/caleblim/MXEN4001-Mechatronic-System-Design/devel/include/dobot/SetInfraredSensor.h
Symlinking /home/caleblim/MXEN4001-Mechatronic-System-Design/devel/include/dobot/GetPTPJumpParams.h
Symlinking /home/caleblim/MXEN4001-Mechatronic-System-Design/devel/include/dobot/SetEMotorRequest.h
Symlinking /home/caleblim/MXEN4001-Mechatronic-System-Design/devel/include/dobot/SetDeviceName.h
Symlinking /home/caleblim/MXEN4001-Mechatronic-System-Design/devel/include/dobot/SetTRIGCmd.h
Symlinking /home/caleblim/MXEN4001-Mechatronic-System-Design/devel/include/dobot/GetEndEffectorSuctionCupRequest.h
Symlinking /home/caleblim/MXEN4001-Mechatronic-System-Design/devel/include/dobot/SetPTPJointParamsRequest.h
Symlinking /home/caleblim/MXEN4001-Mechatronic-System-Design/devel/include/dobot/GetDeviceVersionRequest.h
Symlinking /home/caleblim/MXEN4001-Mechatronic-System-Design/devel/include/dobot/SetEndEffectorParamsResponse.h
Symlinking /home/caleblim/MXEN4001-Mechatronic-System-Design/devel/include/dobot/SetQueuedCmdStartExecRequest.h
Symlinking /home/caleblim/MXEN4001-Mechatronic-System-Design/devel/include/dobot/SetEndEffectorSuctionCup.h
Symlinking /home/caleblim/MXEN4001-Mechatronic-System-Design/devel/include/dobot/GetInfraredSensorResponse.h
Symlinking /home/caleblim/MXEN4001-Mechatronic-System-Design/devel/include/dobot/GetJOGCoordinateParams.h
Symlinking /home/caleblim/MXEN4001-Mechatronic-System-Design/devel/include/dobot/GetIODOResponse.h
Symlinking /home/caleblim/MXEN4001-Mechatronic-System-Design/devel/include/dobot/SetJOGCmd.h
Symlinking /home/caleblim/MXEN4001-Mechatronic-System-Design/devel/include/dobot/SetPTPJointParamsResponse.h
Symlinking /home/caleblim/MXEN4001-Mechatronic-System-Design/devel/include/dobot/SetInfraredSensorRequest.h
Symlinking /home/caleblim/MXEN4001-Mechatronic-System-Design/devel/include/dobot/SetEMotor.h
Symlinking /home/caleblim/MXEN4001-Mechatronic-System-Design/devel/include/dobot/SetJOGCommonParams.h
Symlinking /home/caleblim/MXEN4001-Mechatronic-System-Design/devel/include/dobot/GetHOMEParamsRequest.h
Symlinking /home/caleblim/MXEN4001-Mechatronic-System-Design/devel/include/dobot/SetCmdTimeoutResponse.h
Symlinking /home/caleblim/MXEN4001-Mechatronic-System-Design/devel/include/dobot/GetPTPJointParamsResponse.h
Symlinking /home/caleblim/MXEN4001-Mechatronic-System-Design/devel/include/dobot/SetIOPWM.h
Symlinking /home/caleblim/MXEN4001-Mechatronic-System-Design/devel/include/dobot/SetARCCmdResponse.h
Symlinking /home/caleblim/MXEN4001-Mechatronic-System-Design/devel/include/dobot/SetIODOResponse.h
Symlinking /home/caleblim/MXEN4001-Mechatronic-System-Design/devel/include/dobot/GetPTPCommonParams.h
Symlinking /home/caleblim/MXEN4001-Mechatronic-System-Design/devel/include/dobot/SetQueuedCmdStartExecResponse.h
Symlinking /home/caleblim/MXEN4001-Mechatronic-System-Design/devel/include/dobot/SetWAITCmdResponse.h
Symlinking /home/caleblim/MXEN4001-Mechatronic-System-Design/devel/include/dobot/SetJOGJointParamsRequest.h
Symlinking /home/caleblim/MXEN4001-Mechatronic-System-Design/devel/include/dobot/SetIOMultiplexingRequest.h
Symlinking /home/caleblim/MXEN4001-Mechatronic-System-Design/devel/include/dobot/SetQueuedCmdStartExec.h
Symlinking /home/caleblim/MXEN4001-Mechatronic-System-Design/devel/include/dobot/SetEndEffectorGripperResponse.h
Symlinking /home/caleblim/MXEN4001-Mechatronic-System-Design/devel/include/dobot/GetIODO.h
Symlinking /home/caleblim/MXEN4001-Mechatronic-System-Design/devel/include/dobot/GetCPParamsRequest.h
Symlinking /home/caleblim/MXEN4001-Mechatronic-System-Design/devel/include/dobot/SetPTPCmd.h
Symlinking /home/caleblim/MXEN4001-Mechatronic-System-Design/devel/include/dobot/SetJOGCommonParamsResponse.h
Symlinking /home/caleblim/MXEN4001-Mechatronic-System-Design/devel/include/dobot/GetColorSensorRequest.h
Symlinking /home/caleblim/MXEN4001-Mechatronic-System-Design/devel/include/dobot/GetAlarmsStateRequest.h
Symlinking /home/caleblim/MXEN4001-Mechatronic-System-Design/devel/include/dobot/GetDeviceName.h
Symlinking /home/caleblim/MXEN4001-Mechatronic-System-Design/devel/include/dobot/GetDeviceVersion.h
Symlinking /home/caleblim/MXEN4001-Mechatronic-System-Design/devel/include/dobot/GetIODIResponse.h
Symlinking /home/caleblim/MXEN4001-Mechatronic-System-Design/devel/include/dobot/SetCPCmd.h
Symlinking /home/caleblim/MXEN4001-Mechatronic-System-Design/devel/include/dobot/SetJOGCmdRequest.h
Symlinking /home/caleblim/MXEN4001-Mechatronic-System-Design/devel/include/dobot/GetIOPWMResponse.h
Symlinking /home/caleblim/MXEN4001-Mechatronic-System-Design/devel/include/dobot/SetEndEffectorParams.h
Symlinking /home/caleblim/MXEN4001-Mechatronic-System-Design/devel/include/dobot/GetPoseRequest.h
Symlinking /home/caleblim/MXEN4001-Mechatronic-System-Design/devel/include/dobot/GetIOADCResponse.h
Symlinking /home/caleblim/MXEN4001-Mechatronic-System-Design/devel/include/dobot/GetJOGJointParams.h
Symlinking /home/caleblim/MXEN4001-Mechatronic-System-Design/devel/include/dobot/GetPose.h
Symlinking /home/caleblim/MXEN4001-Mechatronic-System-Design/devel/include/dobot/SetJOGJointParamsResponse.h
Symlinking /home/caleblim/MXEN4001-Mechatronic-System-Design/devel/include/dobot/SetQueuedCmdStopExec.h
Symlinking /home/caleblim/MXEN4001-Mechatronic-System-Design/devel/include/dobot/GetDeviceNameRequest.h
Symlinking /home/caleblim/MXEN4001-Mechatronic-System-Design/devel/include/dobot/SetCPParamsResponse.h
Symlinking /home/caleblim/MXEN4001-Mechatronic-System-Design/devel/include/dobot/GetPTPJumpParamsRequest.h
Symlinking /home/caleblim/MXEN4001-Mechatronic-System-Design/devel/include/dobot/SetQueuedCmdClearRequest.h
Symlinking /home/caleblim/MXEN4001-Mechatronic-System-Design/devel/include/dobot/SetARCCmd.h
Symlinking /home/caleblim/MXEN4001-Mechatronic-System-Design/devel/include/dobot/SetDeviceNameResponse.h
Symlinking /home/caleblim/MXEN4001-Mechatronic-System-Design/devel/include/dobot/GetEndEffectorGripperResponse.h
Symlinking /home/caleblim/MXEN4001-Mechatronic-System-Design/devel/include/dobot/SetARCParams.h
Symlinking /home/caleblim/MXEN4001-Mechatronic-System-Design/devel/include/dobot/SetWAITCmd.h
Symlinking /home/caleblim/MXEN4001-Mechatronic-System-Design/devel/include/dobot/GetEndEffectorParams.h
Symlinking /home/caleblim/MXEN4001-Mechatronic-System-Design/devel/include/dobot/SetJOGJointParams.h
Symlinking /home/caleblim/MXEN4001-Mechatronic-System-Design/devel/include/dobot/SetHOMEParamsRequest.h
Symlinking /home/caleblim/MXEN4001-Mechatronic-System-Design/devel/include/dobot/GetPTPCoordinateParamsResponse.h
Symlinking /home/caleblim/MXEN4001-Mechatronic-System-Design/devel/include/dobot/SetARCParamsResponse.h
Symlinking /home/caleblim/MXEN4001-Mechatronic-System-Design/devel/include/dobot/SetIODORequest.h
Symlinking /home/caleblim/MXEN4001-Mechatronic-System-Design/devel/include/dobot/SetPTPCommonParamsRequest.h
Symlinking /home/caleblim/MXEN4001-Mechatronic-System-Design/devel/include/dobot/SetEndEffectorGripper.h
Symlinking /home/caleblim/MXEN4001-Mechatronic-System-Design/devel/include/dobot/GetDeviceSNResponse.h
Symlinking /home/caleblim/MXEN4001-Mechatronic-System-Design/devel/include/dobot/SetEMotorResponse.h
Symlinking /home/caleblim/MXEN4001-Mechatronic-System-Design/devel/include/dobot/SetARCParamsRequest.h
Symlinking /home/caleblim/MXEN4001-Mechatronic-System-Design/devel/share/common-lisp/ros/dobot/srv/_package_GetAlarmsState.lisp
Symlinking /home/caleblim/MXEN4001-Mechatronic-System-Design/devel/share/common-lisp/ros/dobot/srv/GetPose.lisp
Symlinking /home/caleblim/MXEN4001-Mechatronic-System-Design/devel/share/common-lisp/ros/dobot/srv/GetARCParams.lisp
Symlinking /home/caleblim/MXEN4001-Mechatronic-System-Design/devel/share/common-lisp/ros/dobot/srv/_package_SetEMotor.lisp
Symlinking /home/caleblim/MXEN4001-Mechatronic-System-Design/devel/share/common-lisp/ros/dobot/srv/GetCPParams.lisp
Symlinking /home/caleblim/MXEN4001-Mechatronic-System-Design/devel/share/common-lisp/ros/dobot/srv/GetIOPWM.lisp
Symlinking /home/caleblim/MXEN4001-Mechatronic-System-Design/devel/share/common-lisp/ros/dobot/srv/SetPTPJumpParams.lisp
Symlinking /home/caleblim/MXEN4001-Mechatronic-System-Design/devel/share/common-lisp/ros/dobot/srv/_package_SetTRIGCmd.lisp
Symlinking /home/caleblim/MXEN4001-Mechatronic-System-Design/devel/share/common-lisp/ros/dobot/srv/GetDeviceSN.lisp
Symlinking /home/caleblim/MXEN4001-Mechatronic-System-Design/devel/share/common-lisp/ros/dobot/srv/GetIOADC.lisp
Symlinking /home/caleblim/MXEN4001-Mechatronic-System-Design/devel/share/common-lisp/ros/dobot/srv/_package_SetQueuedCmdStartExec.lisp
Symlinking /home/caleblim/MXEN4001-Mechatronic-System-Design/devel/share/common-lisp/ros/dobot/srv/GetColorSensor.lisp
Symlinking /home/caleblim/MXEN4001-Mechatronic-System-Design/devel/share/common-lisp/ros/dobot/srv/_package_SetIOPWM.lisp
Symlinking /home/caleblim/MXEN4001-Mechatronic-System-Design/devel/share/common-lisp/ros/dobot/srv/SetQueuedCmdClear.lisp
Symlinking /home/caleblim/MXEN4001-Mechatronic-System-Design/devel/share/common-lisp/ros/dobot/srv/_package_SetEndEffectorLaser.lisp
Symlinking /home/caleblim/MXEN4001-Mechatronic-System-Design/devel/share/common-lisp/ros/dobot/srv/SetCPParams.lisp
Symlinking /home/caleblim/MXEN4001-Mechatronic-System-Design/devel/share/common-lisp/ros/dobot/srv/_package_SetQueuedCmdForceStopExec.lisp
Symlinking /home/caleblim/MXEN4001-Mechatronic-System-Design/devel/share/common-lisp/ros/dobot/srv/GetPTPCommonParams.lisp
Symlinking /home/caleblim/MXEN4001-Mechatronic-System-Design/devel/share/common-lisp/ros/dobot/srv/SetIOPWM.lisp
Symlinking /home/caleblim/MXEN4001-Mechatronic-System-Design/devel/share/common-lisp/ros/dobot/srv/SetPTPCmd.lisp
Symlinking /home/caleblim/MXEN4001-Mechatronic-System-Design/devel/share/common-lisp/ros/dobot/srv/_package_GetIODI.lisp
Symlinking /home/caleblim/MXEN4001-Mechatronic-System-Design/devel/share/common-lisp/ros/dobot/srv/_package_GetJOGCommonParams.lisp
Symlinking /home/caleblim/MXEN4001-Mechatronic-System-Design/devel/share/common-lisp/ros/dobot/srv/SetIOMultiplexing.lisp
Symlinking /home/caleblim/MXEN4001-Mechatronic-System-Design/devel/share/common-lisp/ros/dobot/srv/_package_SetIOMultiplexing.lisp
Symlinking /home/caleblim/MXEN4001-Mechatronic-System-Design/devel/share/common-lisp/ros/dobot/srv/SetPTPCoordinateParams.lisp
Symlinking /home/caleblim/MXEN4001-Mechatronic-System-Design/devel/share/common-lisp/ros/dobot/srv/GetEndEffectorParams.lisp
Symlinking /home/caleblim/MXEN4001-Mechatronic-System-Design/devel/share/common-lisp/ros/dobot/srv/SetColorSensor.lisp
Symlinking /home/caleblim/MXEN4001-Mechatronic-System-Design/devel/share/common-lisp/ros/dobot/srv/_package_SetQueuedCmdClear.lisp
Symlinking /home/caleblim/MXEN4001-Mechatronic-System-Design/devel/share/common-lisp/ros/dobot/srv/_package_GetDeviceVersion.lisp
Symlinking /home/caleblim/MXEN4001-Mechatronic-System-Design/devel/share/common-lisp/ros/dobot/srv/_package.lisp
Symlinking /home/caleblim/MXEN4001-Mechatronic-System-Design/devel/share/common-lisp/ros/dobot/srv/SetIODO.lisp
Symlinking /home/caleblim/MXEN4001-Mechatronic-System-Design/devel/share/common-lisp/ros/dobot/srv/_package_GetEndEffectorParams.lisp
Symlinking /home/caleblim/MXEN4001-Mechatronic-System-Design/devel/share/common-lisp/ros/dobot/srv/SetARCCmd.lisp
Symlinking /home/caleblim/MXEN4001-Mechatronic-System-Design/devel/share/common-lisp/ros/dobot/srv/_package_GetDeviceSN.lisp
Symlinking /home/caleblim/MXEN4001-Mechatronic-System-Design/devel/share/common-lisp/ros/dobot/srv/_package_SetEndEffectorSuctionCup.lisp
Symlinking /home/caleblim/MXEN4001-Mechatronic-System-Design/devel/share/common-lisp/ros/dobot/srv/SetCmdTimeout.lisp
Symlinking /home/caleblim/MXEN4001-Mechatronic-System-Design/devel/share/common-lisp/ros/dobot/srv/SetARCParams.lisp
Symlinking /home/caleblim/MXEN4001-Mechatronic-System-Design/devel/share/common-lisp/ros/dobot/srv/SetHOMEParams.lisp
Symlinking /home/caleblim/MXEN4001-Mechatronic-System-Design/devel/share/common-lisp/ros/dobot/srv/_package_SetPTPCoordinateParams.lisp
Symlinking /home/caleblim/MXEN4001-Mechatronic-System-Design/devel/share/common-lisp/ros/dobot/srv/_package_SetEndEffectorGripper.lisp
Symlinking /home/caleblim/MXEN4001-Mechatronic-System-Design/devel/share/common-lisp/ros/dobot/srv/GetPTPJumpParams.lisp
Symlinking /home/caleblim/MXEN4001-Mechatronic-System-Design/devel/share/common-lisp/ros/dobot/srv/_package_SetHOMECmd.lisp
Symlinking /home/caleblim/MXEN4001-Mechatronic-System-Design/devel/share/common-lisp/ros/dobot/srv/_package_SetWAITCmd.lisp
Symlinking /home/caleblim/MXEN4001-Mechatronic-System-Design/devel/share/common-lisp/ros/dobot/srv/_package_GetARCParams.lisp
Symlinking /home/caleblim/MXEN4001-Mechatronic-System-Design/devel/share/common-lisp/ros/dobot/srv/_package_SetJOGCmd.lisp
Symlinking /home/caleblim/MXEN4001-Mechatronic-System-Design/devel/share/common-lisp/ros/dobot/srv/GetIODO.lisp
Symlinking /home/caleblim/MXEN4001-Mechatronic-System-Design/devel/share/common-lisp/ros/dobot/srv/GetIODI.lisp
Symlinking /home/caleblim/MXEN4001-Mechatronic-System-Design/devel/share/common-lisp/ros/dobot/srv/SetQueuedCmdStartExec.lisp
Symlinking /home/caleblim/MXEN4001-Mechatronic-System-Design/devel/share/common-lisp/ros/dobot/srv/SetJOGCoordinateParams.lisp
Symlinking /home/caleblim/MXEN4001-Mechatronic-System-Design/devel/share/common-lisp/ros/dobot/srv/_package_SetJOGCoordinateParams.lisp
Symlinking /home/caleblim/MXEN4001-Mechatronic-System-Design/devel/share/common-lisp/ros/dobot/srv/_package_SetPTPJumpParams.lisp
Symlinking /home/caleblim/MXEN4001-Mechatronic-System-Design/devel/share/common-lisp/ros/dobot/srv/_package_GetEndEffectorGripper.lisp
Symlinking /home/caleblim/MXEN4001-Mechatronic-System-Design/devel/share/common-lisp/ros/dobot/srv/SetTRIGCmd.lisp
Symlinking /home/caleblim/MXEN4001-Mechatronic-System-Design/devel/share/common-lisp/ros/dobot/srv/GetEndEffectorSuctionCup.lisp
Symlinking /home/caleblim/MXEN4001-Mechatronic-System-Design/devel/share/common-lisp/ros/dobot/srv/GetIOMultiplexing.lisp
Symlinking /home/caleblim/MXEN4001-Mechatronic-System-Design/devel/share/common-lisp/ros/dobot/srv/_package_SetColorSensor.lisp
Symlinking /home/caleblim/MXEN4001-Mechatronic-System-Design/devel/share/common-lisp/ros/dobot/srv/_package_SetARCCmd.lisp
Symlinking /home/caleblim/MXEN4001-Mechatronic-System-Design/devel/share/common-lisp/ros/dobot/srv/_package_GetPTPJumpParams.lisp
Symlinking /home/caleblim/MXEN4001-Mechatronic-System-Design/devel/share/common-lisp/ros/dobot/srv/_package_GetIOPWM.lisp
Symlinking /home/caleblim/MXEN4001-Mechatronic-System-Design/devel/share/common-lisp/ros/dobot/srv/_package_SetHOMEParams.lisp
Symlinking /home/caleblim/MXEN4001-Mechatronic-System-Design/devel/share/common-lisp/ros/dobot/srv/_package_GetDeviceName.lisp
Symlinking /home/caleblim/MXEN4001-Mechatronic-System-Design/devel/share/common-lisp/ros/dobot/srv/SetJOGCommonParams.lisp
Symlinking /home/caleblim/MXEN4001-Mechatronic-System-Design/devel/share/common-lisp/ros/dobot/srv/GetJOGJointParams.lisp
Symlinking /home/caleblim/MXEN4001-Mechatronic-System-Design/devel/share/common-lisp/ros/dobot/srv/GetPTPCoordinateParams.lisp
Symlinking /home/caleblim/MXEN4001-Mechatronic-System-Design/devel/share/common-lisp/ros/dobot/srv/_package_SetCPParams.lisp
Symlinking /home/caleblim/MXEN4001-Mechatronic-System-Design/devel/share/common-lisp/ros/dobot/srv/_package_GetEndEffectorSuctionCup.lisp
Symlinking /home/caleblim/MXEN4001-Mechatronic-System-Design/devel/share/common-lisp/ros/dobot/srv/_package_GetCPParams.lisp
Symlinking /home/caleblim/MXEN4001-Mechatronic-System-Design/devel/share/common-lisp/ros/dobot/srv/_package_SetCmdTimeout.lisp
Symlinking /home/caleblim/MXEN4001-Mechatronic-System-Design/devel/share/common-lisp/ros/dobot/srv/SetEMotor.lisp
Symlinking /home/caleblim/MXEN4001-Mechatronic-System-Design/devel/share/common-lisp/ros/dobot/srv/_package_GetPTPJointParams.lisp
Symlinking /home/caleblim/MXEN4001-Mechatronic-System-Design/devel/share/common-lisp/ros/dobot/srv/dobot-srv.asd
Symlinking /home/caleblim/MXEN4001-Mechatronic-System-Design/devel/share/common-lisp/ros/dobot/srv/_package_GetInfraredSensor.lisp
Symlinking /home/caleblim/MXEN4001-Mechatronic-System-Design/devel/share/common-lisp/ros/dobot/srv/_package_SetCPCmd.lisp
Symlinking /home/caleblim/MXEN4001-Mechatronic-System-Design/devel/share/common-lisp/ros/dobot/srv/SetPTPCommonParams.lisp
Symlinking /home/caleblim/MXEN4001-Mechatronic-System-Design/devel/share/common-lisp/ros/dobot/srv/_package_SetJOGCommonParams.lisp
Symlinking /home/caleblim/MXEN4001-Mechatronic-System-Design/devel/share/common-lisp/ros/dobot/srv/SetEndEffectorParams.lisp
Symlinking /home/caleblim/MXEN4001-Mechatronic-System-Design/devel/share/common-lisp/ros/dobot/srv/_package_GetJOGCoordinateParams.lisp
Symlinking /home/caleblim/MXEN4001-Mechatronic-System-Design/devel/share/common-lisp/ros/dobot/srv/ClearAllAlarmsState.lisp
Symlinking /home/caleblim/MXEN4001-Mechatronic-System-Design/devel/share/common-lisp/ros/dobot/srv/GetAlarmsState.lisp
Symlinking /home/caleblim/MXEN4001-Mechatronic-System-Design/devel/share/common-lisp/ros/dobot/srv/_package_GetJOGJointParams.lisp
Symlinking /home/caleblim/MXEN4001-Mechatronic-System-Design/devel/share/common-lisp/ros/dobot/srv/_package_GetEndEffectorLaser.lisp
Symlinking /home/caleblim/MXEN4001-Mechatronic-System-Design/devel/share/common-lisp/ros/dobot/srv/_package_GetHOMEParams.lisp
Symlinking /home/caleblim/MXEN4001-Mechatronic-System-Design/devel/share/common-lisp/ros/dobot/srv/GetJOGCommonParams.lisp
Symlinking /home/caleblim/MXEN4001-Mechatronic-System-Design/devel/share/common-lisp/ros/dobot/srv/SetEndEffectorSuctionCup.lisp
Symlinking /home/caleblim/MXEN4001-Mechatronic-System-Design/devel/share/common-lisp/ros/dobot/srv/GetHOMEParams.lisp
Symlinking /home/caleblim/MXEN4001-Mechatronic-System-Design/devel/share/common-lisp/ros/dobot/srv/GetEndEffectorLaser.lisp
Symlinking /home/caleblim/MXEN4001-Mechatronic-System-Design/devel/share/common-lisp/ros/dobot/srv/SetWAITCmd.lisp
Symlinking /home/caleblim/MXEN4001-Mechatronic-System-Design/devel/share/common-lisp/ros/dobot/srv/_package_GetColorSensor.lisp
Symlinking /home/caleblim/MXEN4001-Mechatronic-System-Design/devel/share/common-lisp/ros/dobot/srv/_package_GetIODO.lisp
Symlinking /home/caleblim/MXEN4001-Mechatronic-System-Design/devel/share/common-lisp/ros/dobot/srv/_package_SetJOGJointParams.lisp
Symlinking /home/caleblim/MXEN4001-Mechatronic-System-Design/devel/share/common-lisp/ros/dobot/srv/_package_SetDeviceName.lisp
Symlinking /home/caleblim/MXEN4001-Mechatronic-System-Design/devel/share/common-lisp/ros/dobot/srv/_package_SetEndEffectorParams.lisp
Symlinking /home/caleblim/MXEN4001-Mechatronic-System-Design/devel/share/common-lisp/ros/dobot/srv/SetInfraredSensor.lisp
Symlinking /home/caleblim/MXEN4001-Mechatronic-System-Design/devel/share/common-lisp/ros/dobot/srv/SetDeviceName.lisp
Symlinking /home/caleblim/MXEN4001-Mechatronic-System-Design/devel/share/common-lisp/ros/dobot/srv/_package_SetQueuedCmdStopExec.lisp
Symlinking /home/caleblim/MXEN4001-Mechatronic-System-Design/devel/share/common-lisp/ros/dobot/srv/SetJOGJointParams.lisp
Symlinking /home/caleblim/MXEN4001-Mechatronic-System-Design/devel/share/common-lisp/ros/dobot/srv/_package_SetPTPCommonParams.lisp
Symlinking /home/caleblim/MXEN4001-Mechatronic-System-Design/devel/share/common-lisp/ros/dobot/srv/_package_SetARCParams.lisp
Symlinking /home/caleblim/MXEN4001-Mechatronic-System-Design/devel/share/common-lisp/ros/dobot/srv/SetQueuedCmdStopExec.lisp
Symlinking /home/caleblim/MXEN4001-Mechatronic-System-Design/devel/share/common-lisp/ros/dobot/srv/GetJOGCoordinateParams.lisp
Symlinking /home/caleblim/MXEN4001-Mechatronic-System-Design/devel/share/common-lisp/ros/dobot/srv/SetHOMECmd.lisp
Symlinking /home/caleblim/MXEN4001-Mechatronic-System-Design/devel/share/common-lisp/ros/dobot/srv/_package_GetPTPCommonParams.lisp
Symlinking /home/caleblim/MXEN4001-Mechatronic-System-Design/devel/share/common-lisp/ros/dobot/srv/GetDeviceVersion.lisp
Symlinking /home/caleblim/MXEN4001-Mechatronic-System-Design/devel/share/common-lisp/ros/dobot/srv/SetJOGCmd.lisp
Symlinking /home/caleblim/MXEN4001-Mechatronic-System-Design/devel/share/common-lisp/ros/dobot/srv/_package_GetIOADC.lisp
Symlinking /home/caleblim/MXEN4001-Mechatronic-System-Design/devel/share/common-lisp/ros/dobot/srv/GetDeviceName.lisp
Symlinking /home/caleblim/MXEN4001-Mechatronic-System-Design/devel/share/common-lisp/ros/dobot/srv/_package_GetPose.lisp
Symlinking /home/caleblim/MXEN4001-Mechatronic-System-Design/devel/share/common-lisp/ros/dobot/srv/_package_GetIOMultiplexing.lisp
Symlinking /home/caleblim/MXEN4001-Mechatronic-System-Design/devel/share/common-lisp/ros/dobot/srv/_package_SetPTPJointParams.lisp
Symlinking /home/caleblim/MXEN4001-Mechatronic-System-Design/devel/share/common-lisp/ros/dobot/srv/SetCPCmd.lisp
Symlinking /home/caleblim/MXEN4001-Mechatronic-System-Design/devel/share/common-lisp/ros/dobot/srv/SetPTPJointParams.lisp
Symlinking /home/caleblim/MXEN4001-Mechatronic-System-Design/devel/share/common-lisp/ros/dobot/srv/SetQueuedCmdForceStopExec.lisp
Symlinking /home/caleblim/MXEN4001-Mechatronic-System-Design/devel/share/common-lisp/ros/dobot/srv/SetEndEffectorLaser.lisp
Symlinking /home/caleblim/MXEN4001-Mechatronic-System-Design/devel/share/common-lisp/ros/dobot/srv/GetEndEffectorGripper.lisp
Symlinking /home/caleblim/MXEN4001-Mechatronic-System-Design/devel/share/common-lisp/ros/dobot/srv/GetInfraredSensor.lisp
Symlinking /home/caleblim/MXEN4001-Mechatronic-System-Design/devel/share/common-lisp/ros/dobot/srv/_package_GetPTPCoordinateParams.lisp
Symlinking /home/caleblim/MXEN4001-Mechatronic-System-Design/devel/share/common-lisp/ros/dobot/srv/_package_SetPTPCmd.lisp
Symlinking /home/caleblim/MXEN4001-Mechatronic-System-Design/devel/share/common-lisp/ros/dobot/srv/GetPTPJointParams.lisp
Symlinking /home/caleblim/MXEN4001-Mechatronic-System-Design/devel/share/common-lisp/ros/dobot/srv/SetEndEffectorGripper.lisp
Symlinking /home/caleblim/MXEN4001-Mechatronic-System-Design/devel/share/common-lisp/ros/dobot/srv/_package_ClearAllAlarmsState.lisp
Symlinking /home/caleblim/MXEN4001-Mechatronic-System-Design/devel/share/common-lisp/ros/dobot/srv/_package_SetInfraredSensor.lisp
Symlinking /home/caleblim/MXEN4001-Mechatronic-System-Design/devel/share/common-lisp/ros/dobot/srv/_package_SetIODO.lisp
Symlinking /home/caleblim/MXEN4001-Mechatronic-System-Design/devel/share/common-lisp/ros/dobot/msg/dobot-msg.asd
Symlinking /home/caleblim/MXEN4001-Mechatronic-System-Design/devel/share/common-lisp/ros/dobot/msg/_package.lisp
Symlinking /home/caleblim/MXEN4001-Mechatronic-System-Design/devel/share/common-lisp/ros/dobot/msg/_package_CartesianSimple.lisp
Symlinking /home/caleblim/MXEN4001-Mechatronic-System-Design/devel/share/common-lisp/ros/dobot/msg/CartesianSimple.lisp
Symlinking /home/caleblim/MXEN4001-Mechatronic-System-Design/devel/share/gennodejs/ros/dobot/_index.js
Symlinking /home/caleblim/MXEN4001-Mechatronic-System-Design/devel/share/gennodejs/ros/dobot/srv/GetIOMultiplexing.js
Symlinking /home/caleblim/MXEN4001-Mechatronic-System-Design/devel/share/gennodejs/ros/dobot/srv/GetInfraredSensor.js
Symlinking /home/caleblim/MXEN4001-Mechatronic-System-Design/devel/share/gennodejs/ros/dobot/srv/GetDeviceVersion.js
Symlinking /home/caleblim/MXEN4001-Mechatronic-System-Design/devel/share/gennodejs/ros/dobot/srv/GetPTPCommonParams.js
Symlinking /home/caleblim/MXEN4001-Mechatronic-System-Design/devel/share/gennodejs/ros/dobot/srv/GetAlarmsState.js
Symlinking /home/caleblim/MXEN4001-Mechatronic-System-Design/devel/share/gennodejs/ros/dobot/srv/SetIOPWM.js
Symlinking /home/caleblim/MXEN4001-Mechatronic-System-Design/devel/share/gennodejs/ros/dobot/srv/GetPTPJointParams.js
Symlinking /home/caleblim/MXEN4001-Mechatronic-System-Design/devel/share/gennodejs/ros/dobot/srv/GetIOPWM.js
Symlinking /home/caleblim/MXEN4001-Mechatronic-System-Design/devel/share/gennodejs/ros/dobot/srv/SetIOMultiplexing.js
Symlinking /home/caleblim/MXEN4001-Mechatronic-System-Design/devel/share/gennodejs/ros/dobot/srv/SetEndEffectorParams.js
Symlinking /home/caleblim/MXEN4001-Mechatronic-System-Design/devel/share/gennodejs/ros/dobot/srv/_index.js
Symlinking /home/caleblim/MXEN4001-Mechatronic-System-Design/devel/share/gennodejs/ros/dobot/srv/SetPTPJumpParams.js
Symlinking /home/caleblim/MXEN4001-Mechatronic-System-Design/devel/share/gennodejs/ros/dobot/srv/SetEndEffectorLaser.js
Symlinking /home/caleblim/MXEN4001-Mechatronic-System-Design/devel/share/gennodejs/ros/dobot/srv/SetWAITCmd.js
Symlinking /home/caleblim/MXEN4001-Mechatronic-System-Design/devel/share/gennodejs/ros/dobot/srv/SetJOGCommonParams.js
Symlinking /home/caleblim/MXEN4001-Mechatronic-System-Design/devel/share/gennodejs/ros/dobot/srv/GetEndEffectorGripper.js
Symlinking /home/caleblim/MXEN4001-Mechatronic-System-Design/devel/share/gennodejs/ros/dobot/srv/SetHOMECmd.js
Symlinking /home/caleblim/MXEN4001-Mechatronic-System-Design/devel/share/gennodejs/ros/dobot/srv/SetPTPCoordinateParams.js
Symlinking /home/caleblim/MXEN4001-Mechatronic-System-Design/devel/share/gennodejs/ros/dobot/srv/GetHOMEParams.js
Symlinking /home/caleblim/MXEN4001-Mechatronic-System-Design/devel/share/gennodejs/ros/dobot/srv/GetJOGJointParams.js
Symlinking /home/caleblim/MXEN4001-Mechatronic-System-Design/devel/share/gennodejs/ros/dobot/srv/GetDeviceName.js
Symlinking /home/caleblim/MXEN4001-Mechatronic-System-Design/devel/share/gennodejs/ros/dobot/srv/GetEndEffectorSuctionCup.js
Symlinking /home/caleblim/MXEN4001-Mechatronic-System-Design/devel/share/gennodejs/ros/dobot/srv/SetIODO.js
Symlinking /home/caleblim/MXEN4001-Mechatronic-System-Design/devel/share/gennodejs/ros/dobot/srv/SetInfraredSensor.js
Symlinking /home/caleblim/MXEN4001-Mechatronic-System-Design/devel/share/gennodejs/ros/dobot/srv/SetColorSensor.js
Symlinking /home/caleblim/MXEN4001-Mechatronic-System-Design/devel/share/gennodejs/ros/dobot/srv/SetPTPCommonParams.js
Symlinking /home/caleblim/MXEN4001-Mechatronic-System-Design/devel/share/gennodejs/ros/dobot/srv/SetQueuedCmdStopExec.js
Symlinking /home/caleblim/MXEN4001-Mechatronic-System-Design/devel/share/gennodejs/ros/dobot/srv/SetARCCmd.js
Symlinking /home/caleblim/MXEN4001-Mechatronic-System-Design/devel/share/gennodejs/ros/dobot/srv/GetPTPJumpParams.js
Symlinking /home/caleblim/MXEN4001-Mechatronic-System-Design/devel/share/gennodejs/ros/dobot/srv/GetIODI.js
Symlinking /home/caleblim/MXEN4001-Mechatronic-System-Design/devel/share/gennodejs/ros/dobot/srv/SetJOGCoordinateParams.js
Symlinking /home/caleblim/MXEN4001-Mechatronic-System-Design/devel/share/gennodejs/ros/dobot/srv/GetPTPCoordinateParams.js
Symlinking /home/caleblim/MXEN4001-Mechatronic-System-Design/devel/share/gennodejs/ros/dobot/srv/SetCPCmd.js
Symlinking /home/caleblim/MXEN4001-Mechatronic-System-Design/devel/share/gennodejs/ros/dobot/srv/SetJOGJointParams.js
Symlinking /home/caleblim/MXEN4001-Mechatronic-System-Design/devel/share/gennodejs/ros/dobot/srv/GetIODO.js
Symlinking /home/caleblim/MXEN4001-Mechatronic-System-Design/devel/share/gennodejs/ros/dobot/srv/ClearAllAlarmsState.js
Symlinking /home/caleblim/MXEN4001-Mechatronic-System-Design/devel/share/gennodejs/ros/dobot/srv/GetARCParams.js
Symlinking /home/caleblim/MXEN4001-Mechatronic-System-Design/devel/share/gennodejs/ros/dobot/srv/SetHOMEParams.js
Symlinking /home/caleblim/MXEN4001-Mechatronic-System-Design/devel/share/gennodejs/ros/dobot/srv/SetPTPCmd.js
Symlinking /home/caleblim/MXEN4001-Mechatronic-System-Design/devel/share/gennodejs/ros/dobot/srv/SetCPParams.js
Symlinking /home/caleblim/MXEN4001-Mechatronic-System-Design/devel/share/gennodejs/ros/dobot/srv/SetQueuedCmdClear.js
Symlinking /home/caleblim/MXEN4001-Mechatronic-System-Design/devel/share/gennodejs/ros/dobot/srv/SetQueuedCmdStartExec.js
Symlinking /home/caleblim/MXEN4001-Mechatronic-System-Design/devel/share/gennodejs/ros/dobot/srv/GetEndEffectorParams.js
Symlinking /home/caleblim/MXEN4001-Mechatronic-System-Design/devel/share/gennodejs/ros/dobot/srv/GetJOGCoordinateParams.js
Symlinking /home/caleblim/MXEN4001-Mechatronic-System-Design/devel/share/gennodejs/ros/dobot/srv/SetPTPJointParams.js
Symlinking /home/caleblim/MXEN4001-Mechatronic-System-Design/devel/share/gennodejs/ros/dobot/srv/GetEndEffectorLaser.js
Symlinking /home/caleblim/MXEN4001-Mechatronic-System-Design/devel/share/gennodejs/ros/dobot/srv/GetJOGCommonParams.js
Symlinking /home/caleblim/MXEN4001-Mechatronic-System-Design/devel/share/gennodejs/ros/dobot/srv/SetEndEffectorGripper.js
Symlinking /home/caleblim/MXEN4001-Mechatronic-System-Design/devel/share/gennodejs/ros/dobot/srv/SetQueuedCmdForceStopExec.js
Symlinking /home/caleblim/MXEN4001-Mechatronic-System-Design/devel/share/gennodejs/ros/dobot/srv/SetEndEffectorSuctionCup.js
Symlinking /home/caleblim/MXEN4001-Mechatronic-System-Design/devel/share/gennodejs/ros/dobot/srv/GetDeviceSN.js
Symlinking /home/caleblim/MXEN4001-Mechatronic-System-Design/devel/share/gennodejs/ros/dobot/srv/GetIOADC.js
Symlinking /home/caleblim/MXEN4001-Mechatronic-System-Design/devel/share/gennodejs/ros/dobot/srv/SetJOGCmd.js
Symlinking /home/caleblim/MXEN4001-Mechatronic-System-Design/devel/share/gennodejs/ros/dobot/srv/GetPose.js
Symlinking /home/caleblim/MXEN4001-Mechatronic-System-Design/devel/share/gennodejs/ros/dobot/srv/SetCmdTimeout.js
Symlinking /home/caleblim/MXEN4001-Mechatronic-System-Design/devel/share/gennodejs/ros/dobot/srv/SetDeviceName.js
Symlinking /home/caleblim/MXEN4001-Mechatronic-System-Design/devel/share/gennodejs/ros/dobot/srv/SetEMotor.js
Symlinking /home/caleblim/MXEN4001-Mechatronic-System-Design/devel/share/gennodejs/ros/dobot/srv/SetARCParams.js
Symlinking /home/caleblim/MXEN4001-Mechatronic-System-Design/devel/share/gennodejs/ros/dobot/srv/GetCPParams.js
Symlinking /home/caleblim/MXEN4001-Mechatronic-System-Design/devel/share/gennodejs/ros/dobot/srv/GetColorSensor.js
Symlinking /home/caleblim/MXEN4001-Mechatronic-System-Design/devel/share/gennodejs/ros/dobot/srv/SetTRIGCmd.js
Symlinking /home/caleblim/MXEN4001-Mechatronic-System-Design/devel/share/gennodejs/ros/dobot/msg/_index.js
Symlinking /home/caleblim/MXEN4001-Mechatronic-System-Design/devel/share/gennodejs/ros/dobot/msg/CartesianSimple.js
Symlinking /home/caleblim/MXEN4001-Mechatronic-System-Design/devel/share/roseus/ros/dobot/manifest.l
Symlinking /home/caleblim/MXEN4001-Mechatronic-System-Design/devel/share/roseus/ros/dobot/srv/SetWAITCmd.l
Symlinking /home/caleblim/MXEN4001-Mechatronic-System-Design/devel/share/roseus/ros/dobot/srv/GetJOGCommonParams.l
Symlinking /home/caleblim/MXEN4001-Mechatronic-System-Design/devel/share/roseus/ros/dobot/srv/SetEndEffectorSuctionCup.l
Symlinking /home/caleblim/MXEN4001-Mechatronic-System-Design/devel/share/roseus/ros/dobot/srv/SetARCCmd.l
Symlinking /home/caleblim/MXEN4001-Mechatronic-System-Design/devel/share/roseus/ros/dobot/srv/GetARCParams.l
Symlinking /home/caleblim/MXEN4001-Mechatronic-System-Design/devel/share/roseus/ros/dobot/srv/GetJOGCoordinateParams.l
Symlinking /home/caleblim/MXEN4001-Mechatronic-System-Design/devel/share/roseus/ros/dobot/srv/SetCPCmd.l
Symlinking /home/caleblim/MXEN4001-Mechatronic-System-Design/devel/share/roseus/ros/dobot/srv/ClearAllAlarmsState.l
Symlinking /home/caleblim/MXEN4001-Mechatronic-System-Design/devel/share/roseus/ros/dobot/srv/SetQueuedCmdStartExec.l
Symlinking /home/caleblim/MXEN4001-Mechatronic-System-Design/devel/share/roseus/ros/dobot/srv/SetQueuedCmdClear.l
Symlinking /home/caleblim/MXEN4001-Mechatronic-System-Design/devel/share/roseus/ros/dobot/srv/GetEndEffectorSuctionCup.l
Symlinking /home/caleblim/MXEN4001-Mechatronic-System-Design/devel/share/roseus/ros/dobot/srv/GetDeviceVersion.l
Symlinking /home/caleblim/MXEN4001-Mechatronic-System-Design/devel/share/roseus/ros/dobot/srv/GetIOMultiplexing.l
Symlinking /home/caleblim/MXEN4001-Mechatronic-System-Design/devel/share/roseus/ros/dobot/srv/SetIOPWM.l
Symlinking /home/caleblim/MXEN4001-Mechatronic-System-Design/devel/share/roseus/ros/dobot/srv/GetEndEffectorLaser.l
Symlinking /home/caleblim/MXEN4001-Mechatronic-System-Design/devel/share/roseus/ros/dobot/srv/SetQueuedCmdStopExec.l
Symlinking /home/caleblim/MXEN4001-Mechatronic-System-Design/devel/share/roseus/ros/dobot/srv/GetCPParams.l
Symlinking /home/caleblim/MXEN4001-Mechatronic-System-Design/devel/share/roseus/ros/dobot/srv/SetPTPCoordinateParams.l
Symlinking /home/caleblim/MXEN4001-Mechatronic-System-Design/devel/share/roseus/ros/dobot/srv/SetHOMEParams.l
Symlinking /home/caleblim/MXEN4001-Mechatronic-System-Design/devel/share/roseus/ros/dobot/srv/GetIOADC.l
Symlinking /home/caleblim/MXEN4001-Mechatronic-System-Design/devel/share/roseus/ros/dobot/srv/GetColorSensor.l
Symlinking /home/caleblim/MXEN4001-Mechatronic-System-Design/devel/share/roseus/ros/dobot/srv/SetHOMECmd.l
Symlinking /home/caleblim/MXEN4001-Mechatronic-System-Design/devel/share/roseus/ros/dobot/srv/GetEndEffectorGripper.l
Symlinking /home/caleblim/MXEN4001-Mechatronic-System-Design/devel/share/roseus/ros/dobot/srv/SetPTPCmd.l
Symlinking /home/caleblim/MXEN4001-Mechatronic-System-Design/devel/share/roseus/ros/dobot/srv/SetQueuedCmdForceStopExec.l
Symlinking /home/caleblim/MXEN4001-Mechatronic-System-Design/devel/share/roseus/ros/dobot/srv/SetEndEffectorParams.l
Symlinking /home/caleblim/MXEN4001-Mechatronic-System-Design/devel/share/roseus/ros/dobot/srv/SetJOGCoordinateParams.l
Symlinking /home/caleblim/MXEN4001-Mechatronic-System-Design/devel/share/roseus/ros/dobot/srv/SetPTPCommonParams.l
Symlinking /home/caleblim/MXEN4001-Mechatronic-System-Design/devel/share/roseus/ros/dobot/srv/GetDeviceSN.l
Symlinking /home/caleblim/MXEN4001-Mechatronic-System-Design/devel/share/roseus/ros/dobot/srv/GetIODO.l
Symlinking /home/caleblim/MXEN4001-Mechatronic-System-Design/devel/share/roseus/ros/dobot/srv/GetAlarmsState.l
Symlinking /home/caleblim/MXEN4001-Mechatronic-System-Design/devel/share/roseus/ros/dobot/srv/GetDeviceName.l
Symlinking /home/caleblim/MXEN4001-Mechatronic-System-Design/devel/share/roseus/ros/dobot/srv/SetInfraredSensor.l
Symlinking /home/caleblim/MXEN4001-Mechatronic-System-Design/devel/share/roseus/ros/dobot/srv/SetIOMultiplexing.l
Symlinking /home/caleblim/MXEN4001-Mechatronic-System-Design/devel/share/roseus/ros/dobot/srv/GetPTPCommonParams.l
Symlinking /home/caleblim/MXEN4001-Mechatronic-System-Design/devel/share/roseus/ros/dobot/srv/GetPTPJointParams.l
Symlinking /home/caleblim/MXEN4001-Mechatronic-System-Design/devel/share/roseus/ros/dobot/srv/SetEndEffectorGripper.l
Symlinking /home/caleblim/MXEN4001-Mechatronic-System-Design/devel/share/roseus/ros/dobot/srv/GetJOGJointParams.l
Symlinking /home/caleblim/MXEN4001-Mechatronic-System-Design/devel/share/roseus/ros/dobot/srv/GetHOMEParams.l
Symlinking /home/caleblim/MXEN4001-Mechatronic-System-Design/devel/share/roseus/ros/dobot/srv/GetPTPJumpParams.l
Symlinking /home/caleblim/MXEN4001-Mechatronic-System-Design/devel/share/roseus/ros/dobot/srv/SetPTPJointParams.l
Symlinking /home/caleblim/MXEN4001-Mechatronic-System-Design/devel/share/roseus/ros/dobot/srv/SetIODO.l
Symlinking /home/caleblim/MXEN4001-Mechatronic-System-Design/devel/share/roseus/ros/dobot/srv/SetARCParams.l
Symlinking /home/caleblim/MXEN4001-Mechatronic-System-Design/devel/share/roseus/ros/dobot/srv/SetCmdTimeout.l
Symlinking /home/caleblim/MXEN4001-Mechatronic-System-Design/devel/share/roseus/ros/dobot/srv/SetEndEffectorLaser.l
Symlinking /home/caleblim/MXEN4001-Mechatronic-System-Design/devel/share/roseus/ros/dobot/srv/GetPose.l
Symlinking /home/caleblim/MXEN4001-Mechatronic-System-Design/devel/share/roseus/ros/dobot/srv/SetEMotor.l
Symlinking /home/caleblim/MXEN4001-Mechatronic-System-Design/devel/share/roseus/ros/dobot/srv/GetPTPCoordinateParams.l
Symlinking /home/caleblim/MXEN4001-Mechatronic-System-Design/devel/share/roseus/ros/dobot/srv/GetIODI.l
Symlinking /home/caleblim/MXEN4001-Mechatronic-System-Design/devel/share/roseus/ros/dobot/srv/GetInfraredSensor.l
Symlinking /home/caleblim/MXEN4001-Mechatronic-System-Design/devel/share/roseus/ros/dobot/srv/SetColorSensor.l
Symlinking /home/caleblim/MXEN4001-Mechatronic-System-Design/devel/share/roseus/ros/dobot/srv/GetIOPWM.l
Symlinking /home/caleblim/MXEN4001-Mechatronic-System-Design/devel/share/roseus/ros/dobot/srv/SetJOGCmd.l
Symlinking /home/caleblim/MXEN4001-Mechatronic-System-Design/devel/share/roseus/ros/dobot/srv/SetPTPJumpParams.l
Symlinking /home/caleblim/MXEN4001-Mechatronic-System-Design/devel/share/roseus/ros/dobot/srv/SetDeviceName.l
Symlinking /home/caleblim/MXEN4001-Mechatronic-System-Design/devel/share/roseus/ros/dobot/srv/SetJOGJointParams.l
Symlinking /home/caleblim/MXEN4001-Mechatronic-System-Design/devel/share/roseus/ros/dobot/srv/SetJOGCommonParams.l
Symlinking /home/caleblim/MXEN4001-Mechatronic-System-Design/devel/share/roseus/ros/dobot/srv/GetEndEffectorParams.l
Symlinking /home/caleblim/MXEN4001-Mechatronic-System-Design/devel/share/roseus/ros/dobot/srv/SetTRIGCmd.l
Symlinking /home/caleblim/MXEN4001-Mechatronic-System-Design/devel/share/roseus/ros/dobot/srv/SetCPParams.l
Symlinking /home/caleblim/MXEN4001-Mechatronic-System-Design/devel/share/roseus/ros/dobot/msg/CartesianSimple.l
Symlinking /home/caleblim/MXEN4001-Mechatronic-System-Design/devel/share/dobot/cmake/dobot-msg-extras.cmake
Symlinking /home/caleblim/MXEN4001-Mechatronic-System-Design/devel/share/dobot/cmake/dobotConfig.cmake
Symlinking /home/caleblim/MXEN4001-Mechatronic-System-Design/devel/share/dobot/cmake/dobotConfig-version.cmake
Symlinking /home/caleblim/MXEN4001-Mechatronic-System-Design/devel/share/dobot/cmake/dobot-msg-paths.cmake
Symlinking /home/caleblim/MXEN4001-Mechatronic-System-Design/devel/lib/pkgconfig/dobot.pc
Symlinking /home/caleblim/MXEN4001-Mechatronic-System-Design/devel/lib/dobot/DobotServer
Symlinking /home/caleblim/MXEN4001-Mechatronic-System-Design/devel/lib/dobot/PosePublisher
Symlinking /home/caleblim/MXEN4001-Mechatronic-System-Design/devel/lib/python3/dist-packages/dobot/__init__.py
Symlinking /home/caleblim/MXEN4001-Mechatronic-System-Design/devel/lib/python3/dist-packages/dobot/srv/_SetEndEffectorParams.py
Symlinking /home/caleblim/MXEN4001-Mechatronic-System-Design/devel/lib/python3/dist-packages/dobot/srv/_GetEndEffectorGripper.py
Symlinking /home/caleblim/MXEN4001-Mechatronic-System-Design/devel/lib/python3/dist-packages/dobot/srv/_SetJOGCoordinateParams.py
Symlinking /home/caleblim/MXEN4001-Mechatronic-System-Design/devel/lib/python3/dist-packages/dobot/srv/_GetIOADC.py
Symlinking /home/caleblim/MXEN4001-Mechatronic-System-Design/devel/lib/python3/dist-packages/dobot/srv/_GetPose.py
Symlinking /home/caleblim/MXEN4001-Mechatronic-System-Design/devel/lib/python3/dist-packages/dobot/srv/_GetIOMultiplexing.py
Symlinking /home/caleblim/MXEN4001-Mechatronic-System-Design/devel/lib/python3/dist-packages/dobot/srv/_SetQueuedCmdStartExec.py
Symlinking /home/caleblim/MXEN4001-Mechatronic-System-Design/devel/lib/python3/dist-packages/dobot/srv/_SetPTPJointParams.py
Symlinking /home/caleblim/MXEN4001-Mechatronic-System-Design/devel/lib/python3/dist-packages/dobot/srv/_GetAlarmsState.py
Symlinking /home/caleblim/MXEN4001-Mechatronic-System-Design/devel/lib/python3/dist-packages/dobot/srv/_GetDeviceSN.py
Symlinking /home/caleblim/MXEN4001-Mechatronic-System-Design/devel/lib/python3/dist-packages/dobot/srv/_GetIOPWM.py
Symlinking /home/caleblim/MXEN4001-Mechatronic-System-Design/devel/lib/python3/dist-packages/dobot/srv/_GetPTPCommonParams.py
Symlinking /home/caleblim/MXEN4001-Mechatronic-System-Design/devel/lib/python3/dist-packages/dobot/srv/_GetEndEffectorParams.py
Symlinking /home/caleblim/MXEN4001-Mechatronic-System-Design/devel/lib/python3/dist-packages/dobot/srv/_GetEndEffectorLaser.py
Symlinking /home/caleblim/MXEN4001-Mechatronic-System-Design/devel/lib/python3/dist-packages/dobot/srv/_SetCPCmd.py
Symlinking /home/caleblim/MXEN4001-Mechatronic-System-Design/devel/lib/python3/dist-packages/dobot/srv/_SetARCParams.py
Symlinking /home/caleblim/MXEN4001-Mechatronic-System-Design/devel/lib/python3/dist-packages/dobot/srv/_SetPTPCommonParams.py
Symlinking /home/caleblim/MXEN4001-Mechatronic-System-Design/devel/lib/python3/dist-packages/dobot/srv/_SetWAITCmd.py
Symlinking /home/caleblim/MXEN4001-Mechatronic-System-Design/devel/lib/python3/dist-packages/dobot/srv/_SetQueuedCmdClear.py
Symlinking /home/caleblim/MXEN4001-Mechatronic-System-Design/devel/lib/python3/dist-packages/dobot/srv/_GetARCParams.py
Symlinking /home/caleblim/MXEN4001-Mechatronic-System-Design/devel/lib/python3/dist-packages/dobot/srv/_GetColorSensor.py
Symlinking /home/caleblim/MXEN4001-Mechatronic-System-Design/devel/lib/python3/dist-packages/dobot/srv/_SetJOGCmd.py
Symlinking /home/caleblim/MXEN4001-Mechatronic-System-Design/devel/lib/python3/dist-packages/dobot/srv/_ClearAllAlarmsState.py
Symlinking /home/caleblim/MXEN4001-Mechatronic-System-Design/devel/lib/python3/dist-packages/dobot/srv/_SetInfraredSensor.py
Symlinking /home/caleblim/MXEN4001-Mechatronic-System-Design/devel/lib/python3/dist-packages/dobot/srv/_SetJOGJointParams.py
Symlinking /home/caleblim/MXEN4001-Mechatronic-System-Design/devel/lib/python3/dist-packages/dobot/srv/_GetJOGJointParams.py
Symlinking /home/caleblim/MXEN4001-Mechatronic-System-Design/devel/lib/python3/dist-packages/dobot/srv/_SetCPParams.py
Symlinking /home/caleblim/MXEN4001-Mechatronic-System-Design/devel/lib/python3/dist-packages/dobot/srv/_GetPTPJointParams.py
Symlinking /home/caleblim/MXEN4001-Mechatronic-System-Design/devel/lib/python3/dist-packages/dobot/srv/_GetIODO.py
Symlinking /home/caleblim/MXEN4001-Mechatronic-System-Design/devel/lib/python3/dist-packages/dobot/srv/_GetIODI.py
Symlinking /home/caleblim/MXEN4001-Mechatronic-System-Design/devel/lib/python3/dist-packages/dobot/srv/__init__.py
Symlinking /home/caleblim/MXEN4001-Mechatronic-System-Design/devel/lib/python3/dist-packages/dobot/srv/_SetPTPCmd.py
Symlinking /home/caleblim/MXEN4001-Mechatronic-System-Design/devel/lib/python3/dist-packages/dobot/srv/_GetPTPJumpParams.py
Symlinking /home/caleblim/MXEN4001-Mechatronic-System-Design/devel/lib/python3/dist-packages/dobot/srv/_GetJOGCoordinateParams.py
Symlinking /home/caleblim/MXEN4001-Mechatronic-System-Design/devel/lib/python3/dist-packages/dobot/srv/_SetTRIGCmd.py
Symlinking /home/caleblim/MXEN4001-Mechatronic-System-Design/devel/lib/python3/dist-packages/dobot/srv/_SetEndEffectorLaser.py
Symlinking /home/caleblim/MXEN4001-Mechatronic-System-Design/devel/lib/python3/dist-packages/dobot/srv/_SetPTPJumpParams.py
Symlinking /home/caleblim/MXEN4001-Mechatronic-System-Design/devel/lib/python3/dist-packages/dobot/srv/_SetColorSensor.py
Symlinking /home/caleblim/MXEN4001-Mechatronic-System-Design/devel/lib/python3/dist-packages/dobot/srv/_SetEMotor.py
Symlinking /home/caleblim/MXEN4001-Mechatronic-System-Design/devel/lib/python3/dist-packages/dobot/srv/_SetIOMultiplexing.py
Symlinking /home/caleblim/MXEN4001-Mechatronic-System-Design/devel/lib/python3/dist-packages/dobot/srv/_SetDeviceName.py
Symlinking /home/caleblim/MXEN4001-Mechatronic-System-Design/devel/lib/python3/dist-packages/dobot/srv/_SetIODO.py
Symlinking /home/caleblim/MXEN4001-Mechatronic-System-Design/devel/lib/python3/dist-packages/dobot/srv/_GetJOGCommonParams.py
Symlinking /home/caleblim/MXEN4001-Mechatronic-System-Design/devel/lib/python3/dist-packages/dobot/srv/_GetPTPCoordinateParams.py
Symlinking /home/caleblim/MXEN4001-Mechatronic-System-Design/devel/lib/python3/dist-packages/dobot/srv/_GetCPParams.py
Symlinking /home/caleblim/MXEN4001-Mechatronic-System-Design/devel/lib/python3/dist-packages/dobot/srv/_SetQueuedCmdForceStopExec.py
Symlinking /home/caleblim/MXEN4001-Mechatronic-System-Design/devel/lib/python3/dist-packages/dobot/srv/_SetPTPCoordinateParams.py
Symlinking /home/caleblim/MXEN4001-Mechatronic-System-Design/devel/lib/python3/dist-packages/dobot/srv/_SetHOMECmd.py
Symlinking /home/caleblim/MXEN4001-Mechatronic-System-Design/devel/lib/python3/dist-packages/dobot/srv/_SetEndEffectorSuctionCup.py
Symlinking /home/caleblim/MXEN4001-Mechatronic-System-Design/devel/lib/python3/dist-packages/dobot/srv/_GetDeviceVersion.py
Symlinking /home/caleblim/MXEN4001-Mechatronic-System-Design/devel/lib/python3/dist-packages/dobot/srv/_SetHOMEParams.py
Symlinking /home/caleblim/MXEN4001-Mechatronic-System-Design/devel/lib/python3/dist-packages/dobot/srv/_GetEndEffectorSuctionCup.py
Symlinking /home/caleblim/MXEN4001-Mechatronic-System-Design/devel/lib/python3/dist-packages/dobot/srv/_SetQueuedCmdStopExec.py
Symlinking /home/caleblim/MXEN4001-Mechatronic-System-Design/devel/lib/python3/dist-packages/dobot/srv/_GetHOMEParams.py
Symlinking /home/caleblim/MXEN4001-Mechatronic-System-Design/devel/lib/python3/dist-packages/dobot/srv/_SetIOPWM.py
Symlinking /home/caleblim/MXEN4001-Mechatronic-System-Design/devel/lib/python3/dist-packages/dobot/srv/_GetDeviceName.py
Symlinking /home/caleblim/MXEN4001-Mechatronic-System-Design/devel/lib/python3/dist-packages/dobot/srv/_SetJOGCommonParams.py
Symlinking /home/caleblim/MXEN4001-Mechatronic-System-Design/devel/lib/python3/dist-packages/dobot/srv/_SetCmdTimeout.py
Symlinking /home/caleblim/MXEN4001-Mechatronic-System-Design/devel/lib/python3/dist-packages/dobot/srv/_SetARCCmd.py
Symlinking /home/caleblim/MXEN4001-Mechatronic-System-Design/devel/lib/python3/dist-packages/dobot/srv/_GetInfraredSensor.py
Symlinking /home/caleblim/MXEN4001-Mechatronic-System-Design/devel/lib/python3/dist-packages/dobot/srv/_SetEndEffectorGripper.py
Symlinking /home/caleblim/MXEN4001-Mechatronic-System-Design/devel/lib/python3/dist-packages/dobot/msg/_CartesianSimple.py
Symlinking /home/caleblim/MXEN4001-Mechatronic-System-Design/devel/lib/python3/dist-packages/dobot/msg/__init__.py
