Determining if the pthread_create exist failed with the following output:
Change Dir: /home/melodic/MXEN4001-Mechatronic-System-Design/build/my_package/CMakeFiles/CMakeTmp

Run Build Command:"/usr/bin/make" "cmTC_ee67f/fast"
/usr/bin/make -f CMakeFiles/cmTC_ee67f.dir/build.make CMakeFiles/cmTC_ee67f.dir/build
make[1]: Entering directory '/home/melodic/MXEN4001-Mechatronic-System-Design/build/my_package/CMakeFiles/CMakeTmp'
Building C object CMakeFiles/cmTC_ee67f.dir/CheckSymbolExists.c.o
/usr/bin/cc    -o CMakeFiles/cmTC_ee67f.dir/CheckSymbolExists.c.o   -c /home/melodic/MXEN4001-Mechatronic-System-Design/build/my_package/CMakeFiles/CMakeTmp/CheckSymbolExists.c
Linking C executable cmTC_ee67f
/usr/bin/cmake -E cmake_link_script CMakeFiles/cmTC_ee67f.dir/link.txt --verbose=1
/usr/bin/cc      -rdynamic CMakeFiles/cmTC_ee67f.dir/CheckSymbolExists.c.o  -o cmTC_ee67f 
CMakeFiles/cmTC_ee67f.dir/CheckSymbolExists.c.o: In function `main':
CheckSymbolExists.c:(.text+0x1b): undefined reference to `pthread_create'
collect2: error: ld returned 1 exit status
CMakeFiles/cmTC_ee67f.dir/build.make:97: recipe for target 'cmTC_ee67f' failed
make[1]: *** [cmTC_ee67f] Error 1
make[1]: Leaving directory '/home/melodic/MXEN4001-Mechatronic-System-Design/build/my_package/CMakeFiles/CMakeTmp'
Makefile:126: recipe for target 'cmTC_ee67f/fast' failed
make: *** [cmTC_ee67f/fast] Error 2

File /home/melodic/MXEN4001-Mechatronic-System-Design/build/my_package/CMakeFiles/CMakeTmp/CheckSymbolExists.c:
/* */
#include <pthread.h>

int main(int argc, char** argv)
{
  (void)argv;
#ifndef pthread_create
  return ((int*)(&pthread_create))[argc];
#else
  (void)argc;
  return 0;
#endif
}

Determining if the function pthread_create exists in the pthreads failed with the following output:
Change Dir: /home/melodic/MXEN4001-Mechatronic-System-Design/build/my_package/CMakeFiles/CMakeTmp

Run Build Command:"/usr/bin/make" "cmTC_55a21/fast"
/usr/bin/make -f CMakeFiles/cmTC_55a21.dir/build.make CMakeFiles/cmTC_55a21.dir/build
make[1]: Entering directory '/home/melodic/MXEN4001-Mechatronic-System-Design/build/my_package/CMakeFiles/CMakeTmp'
Building C object CMakeFiles/cmTC_55a21.dir/CheckFunctionExists.c.o
/usr/bin/cc   -DCHECK_FUNCTION_EXISTS=pthread_create   -o CMakeFiles/cmTC_55a21.dir/CheckFunctionExists.c.o   -c /usr/share/cmake-3.10/Modules/CheckFunctionExists.c
Linking C executable cmTC_55a21
/usr/bin/cmake -E cmake_link_script CMakeFiles/cmTC_55a21.dir/link.txt --verbose=1
/usr/bin/cc  -DCHECK_FUNCTION_EXISTS=pthread_create    -rdynamic CMakeFiles/cmTC_55a21.dir/CheckFunctionExists.c.o  -o cmTC_55a21 -lpthreads 
/usr/bin/ld: cannot find -lpthreads
collect2: error: ld returned 1 exit status
CMakeFiles/cmTC_55a21.dir/build.make:97: recipe for target 'cmTC_55a21' failed
make[1]: *** [cmTC_55a21] Error 1
make[1]: Leaving directory '/home/melodic/MXEN4001-Mechatronic-System-Design/build/my_package/CMakeFiles/CMakeTmp'
Makefile:126: recipe for target 'cmTC_55a21/fast' failed
make: *** [cmTC_55a21/fast] Error 2


