[35m[1mScanning dependencies of target server[0m
[ 33%] Built target client
[ 50%] [32mBuilding CXX object CMakeFiles/server.dir/scripts/server.cpp.o[0m
[ 83%] Built target background_params
[01m[K/home/melodic/MXEN4001-Mechatronic-System-Design/src/my_package/scripts/server.cpp:[m[K In function ‘[01m[Kint main(int, char**)[m[K’:
[01m[K/home/melodic/MXEN4001-Mechatronic-System-Design/src/my_package/scripts/server.cpp:22:26:[m[K [01;31m[Kerror: [m[K‘[01m[Knh[m[K’ was not declared in this scope
     ros::Publisher pub = [01;31m[Knh[m[K.advertise<geometry_msgs::Twist>("turtle1/cmd_vel", 1000);
                          [01;31m[K^~[m[K
[01m[K/home/melodic/MXEN4001-Mechatronic-System-Design/src/my_package/scripts/server.cpp:22:26:[m[K [01;36m[Knote: [m[Ksuggested alternative: ‘[01m[Kn[m[K’
     ros::Publisher pub = [01;36m[Knh[m[K.advertise<geometry_msgs::Twist>("turtle1/cmd_vel", 1000);
                          [01;36m[K^~[m[K
                          [32m[Kn[m[K
[01m[K/home/melodic/MXEN4001-Mechatronic-System-Design/src/my_package/scripts/server.cpp:22:59:[m[K [01;31m[Kerror: [m[Kexpected primary-expression before ‘[01m[K>[m[K’ token
     ros::Publisher pub = nh.advertise<geometry_msgs::Twist[01;31m[K>[m[K("turtle1/cmd_vel", 1000);
                                                           [01;31m[K^[m[K
CMakeFiles/server.dir/build.make:62: recipe for target 'CMakeFiles/server.dir/scripts/server.cpp.o' failed
make[2]: *** [CMakeFiles/server.dir/scripts/server.cpp.o] Error 1
CMakeFiles/Makefile2:67: recipe for target 'CMakeFiles/server.dir/all' failed
make[1]: *** [CMakeFiles/server.dir/all] Error 2
Makefile:140: recipe for target 'all' failed
make: *** [all] Error 2
