[36m--[0m Using CATKIN_DEVEL_PREFIX: /home/melodic/MXEN4001-Mechatronic-System-Design/devel/.private/my_package
[36m--[0m Using CMAKE_PREFIX_PATH: /home/melodic/MXEN4001-Mechatronic-System-Design/devel;/home/melodic/dobot_ws/devel;/opt/ros/melodic
[36m--[0m This workspace overlays: /home/melodic/MXEN4001-Mechatronic-System-Design/devel;/home/melodic/dobot_ws/devel;/opt/ros/melodic
[36m--[0m Found PythonInterp: /usr/bin/python2 (found suitable version "2.7.17", minimum required is "2")
[36m--[0m Using PYTHON_EXECUTABLE: /usr/bin/python2
[36m--[0m Using Debian Python package layout
[36m--[0m Using empy: /usr/bin/empy
[36m--[0m Using CATKIN_ENABLE_TESTING: ON
[36m--[0m Call enable_testing()
[36m--[0m Using CATKIN_TEST_RESULTS_DIR: /home/melodic/MXEN4001-Mechatronic-System-Design/build/my_package/test_results
[36m--[0m Found gtest sources under '/usr/src/googletest': gtests will be built
[36m--[0m Found gmock sources under '/usr/src/googletest': gmock will be built
[36m--[0m Found PythonInterp: /usr/bin/python2 (found version "2.7.17")
[36m--[0m Using Python nosetests: /usr/bin/nosetests-2.7
[36m--[0m catkin 0.7.29
[36m--[0m BUILD_SHARED_LIBS is on
[36m--[0m Configuring done
[31m[1mCMake Error[0m at /home/melodic/MXEN4001-Mechatronic-System-Design/src/my_package/CMakeLists.txt:122 (add_executable):
  Cannot find source file:

    src/background.cpp

  Tried extensions .c .C .c++ .cc .cpp .cxx .m .M .mm .h .hh .h++ .hm .hpp
  .hxx .in .txx


[31m[1mCMake Error[0m at /home/melodic/MXEN4001-Mechatronic-System-Design/src/my_package/CMakeLists.txt:124 (add_dependencies):
  The dependency target "my_package_gencpp" of target "background" does not
  exist.


CMake Error: CMake can not determine linker language for target: background
CMake Error: Cannot determine link language for target "background".
[36m--[0m Generating done
[36m--[0m Build files have been written to: /home/melodic/MXEN4001-Mechatronic-System-Design/build/my_package
Makefile:530: recipe for target 'cmake_check_build_system' failed
make: *** [cmake_check_build_system] Error 1
